<?xml version="1.0" encoding="UTF-8"?>
<!-- Generated by org.testng.reporters.JUnitXMLReporter -->
<testsuite ignored="0" hostname="DESKTOP-EJ38E7A" failures="0" tests="4" name="Test" time="49.543" errors="0" timestamp="2023-11-04T16:25:33 IST">
  <testcase classname="tests.LoginTest" name="login" time="1.878"/>
  <testcase classname="tests.LoginTest" name="login" time="1.492"/>
  <testcase classname="tests.TwoTest" name="testTwo" time="0.004"/>
  <testcase classname="tests.ThreeTest" name="thirdTest" time="0.009"/>
</testsuite> <!-- Test -->
