<?xml version="1.0" encoding="UTF-8"?>
<testng-results ignored="0" total="4" passed="4" failed="0" skipped="0">
  <reporter-output>
  </reporter-output>
  <suite started-at="2023-11-04T16:24:43 IST" name="Suite" finished-at="2023-11-04T16:25:33 IST" duration-ms="49543">
    <groups>
    </groups>
    <test started-at="2023-11-04T16:24:43 IST" name="Test" finished-at="2023-11-04T16:25:33 IST" duration-ms="49543">
      <class name="tests.LoginTest">
        <test-method is-config="true" signature="setUp()[pri:0, instance:tests.LoginTest@30c15d8b]" started-at="2023-11-04T16:24:43 IST" name="setUp" finished-at="2023-11-04T16:25:03 IST" duration-ms="19256" status="PASS">
          <reporter-output>
          </reporter-output>
        </test-method> <!-- setUp -->
        <test-method signature="login(java.lang.String,java.lang.String,java.lang.String)[pri:0, instance:tests.LoginTest@30c15d8b]" started-at="2023-11-04T16:25:03 IST" name="login" data-provider="getLoginData" finished-at="2023-11-04T16:25:05 IST" duration-ms="1878" status="PASS">
          <params>
            <param index="0">
              <value>
                <![CDATA[suryakumari3143@gmail.com]]>
              </value>
            </param>
            <param index="1">
              <value>
                <![CDATA[Surya123#]]>
              </value>
            </param>
            <param index="2">
              <value>
                <![CDATA[Success]]>
              </value>
            </param>
          </params>
          <reporter-output>
          </reporter-output>
        </test-method> <!-- login -->
        <test-method is-config="true" signature="closure()[pri:0, instance:tests.LoginTest@30c15d8b]" started-at="2023-11-04T16:25:05 IST" name="closure" finished-at="2023-11-04T16:25:05 IST" duration-ms="428" status="PASS">
          <reporter-output>
          </reporter-output>
        </test-method> <!-- closure -->
        <test-method is-config="true" signature="setUp()[pri:0, instance:tests.LoginTest@30c15d8b]" started-at="2023-11-04T16:25:05 IST" name="setUp" finished-at="2023-11-04T16:25:31 IST" duration-ms="25989" status="PASS">
          <reporter-output>
          </reporter-output>
        </test-method> <!-- setUp -->
        <test-method signature="login(java.lang.String,java.lang.String,java.lang.String)[pri:0, instance:tests.LoginTest@30c15d8b]" started-at="2023-11-04T16:25:31 IST" name="login" data-provider="getLoginData" finished-at="2023-11-04T16:25:32 IST" duration-ms="1492" status="PASS">
          <params>
            <param index="0">
              <value>
                <![CDATA[suryakumari31@gmail.com]]>
              </value>
            </param>
            <param index="1">
              <value>
                <![CDATA[Surya123]]>
              </value>
            </param>
            <param index="2">
              <value>
                <![CDATA[Failure]]>
              </value>
            </param>
          </params>
          <reporter-output>
          </reporter-output>
        </test-method> <!-- login -->
        <test-method is-config="true" signature="closure()[pri:0, instance:tests.LoginTest@30c15d8b]" started-at="2023-11-04T16:25:32 IST" name="closure" finished-at="2023-11-04T16:25:33 IST" duration-ms="368" status="PASS">
          <reporter-output>
          </reporter-output>
        </test-method> <!-- closure -->
      </class> <!-- tests.LoginTest -->
      <class name="tests.ThreeTest">
        <test-method signature="thirdTest()[pri:0, instance:tests.ThreeTest@5aa9e4eb]" started-at="2023-11-04T16:25:33 IST" name="thirdTest" finished-at="2023-11-04T16:25:33 IST" duration-ms="9" status="PASS">
          <reporter-output>
          </reporter-output>
        </test-method> <!-- thirdTest -->
      </class> <!-- tests.ThreeTest -->
      <class name="tests.TwoTest">
        <test-method signature="testTwo()[pri:0, instance:tests.TwoTest@3fc2959f]" started-at="2023-11-04T16:25:33 IST" name="testTwo" finished-at="2023-11-04T16:25:33 IST" duration-ms="4" status="PASS">
          <reporter-output>
          </reporter-output>
        </test-method> <!-- testTwo -->
      </class> <!-- tests.TwoTest -->
    </test> <!-- Test -->
  </suite> <!-- Suite -->
</testng-results>
